<?xml version="1.0" encoding="UTF-8"?>
<!-- Generated by org.testng.reporters.JUnitReportReporter -->
<testsuite hostname="Devi" failures="0" tests="4" name="importantscenario.Scnario2" time="63.405" errors="0" timestamp="2024-12-26T10:37:44 IST" skipped="0">
  <testcase classname="importantscenario.Scnario2" name="scarioTest" time="14.513"/>
  <system-out/>
  <testcase classname="importantscenario.Scnario2" name="scarioTest" time="15.265"/>
  <system-out/>
  <testcase classname="importantscenario.Scnario2" name="scarioTest" time="15.972"/>
  <system-out/>
  <testcase classname="importantscenario.Scnario2" name="scarioTest" time="17.655"/>
  <system-out/>
</testsuite> <!-- importantscenario.Scnario2 -->
